Analysis & Synthesis report for cpu_del
Tue Oct 14 13:58:53 2025
Quartus Prime Version 24.1std.0 Build 1077 03/04/2025 SC Lite Edition


---------------------
; Table of Contents ;
---------------------
  1. Legal Notice
  2. Analysis & Synthesis Summary
  3. Analysis & Synthesis Settings
  4. Parallel Compilation
  5. Analysis & Synthesis Source Files Read
  6. Analysis & Synthesis Resource Usage Summary
  7. Analysis & Synthesis Resource Utilization by Entity
  8. General Register Statistics
  9. Post-Synthesis Netlist Statistics for Top Partition
 10. Elapsed Time Per Partition
 11. Analysis & Synthesis Messages



----------------
; Legal Notice ;
----------------
Copyright (C) 2025  Altera Corporation. All rights reserved.
Your use of Altera Corporation's design tools, logic functions 
and other software and tools, and any partner logic 
functions, and any output files from any of the foregoing 
(including device programming or simulation files), and any 
associated documentation or information are expressly subject 
to the terms and conditions of the Altera Program License 
Subscription Agreement, the Altera Quartus Prime License Agreement,
the Altera IP License Agreement, or other applicable license
agreement, including, without limitation, that your use is for
the sole purpose of programming logic devices manufactured by
Altera and sold by Altera or its authorized distributors.  Please
refer to the Altera Software License Subscription Agreements 
on the Quartus Prime software download page.



+-----------------------------------------------------------------------------------+
; Analysis & Synthesis Summary                                                      ;
+---------------------------------+-------------------------------------------------+
; Analysis & Synthesis Status     ; Successful - Tue Oct 14 13:58:53 2025           ;
; Quartus Prime Version           ; 24.1std.0 Build 1077 03/04/2025 SC Lite Edition ;
; Revision Name                   ; cpu_del                                         ;
; Top-level Entity Name           ; cpu_del                                         ;
; Family                          ; Cyclone V                                       ;
; Logic utilization (in ALMs)     ; N/A                                             ;
; Total registers                 ; 0                                               ;
; Total pins                      ; 13                                              ;
; Total virtual pins              ; 0                                               ;
; Total block memory bits         ; 0                                               ;
; Total DSP Blocks                ; 0                                               ;
; Total HSSI RX PCSs              ; 0                                               ;
; Total HSSI PMA RX Deserializers ; 0                                               ;
; Total HSSI TX PCSs              ; 0                                               ;
; Total HSSI PMA TX Serializers   ; 0                                               ;
; Total PLLs                      ; 0                                               ;
; Total DLLs                      ; 0                                               ;
+---------------------------------+-------------------------------------------------+


+---------------------------------------------------------------------------------------------------------------------------+
; Analysis & Synthesis Settings                                                                                             ;
+---------------------------------------------------------------------------------+--------------------+--------------------+
; Option                                                                          ; Setting            ; Default Value      ;
+---------------------------------------------------------------------------------+--------------------+--------------------+
; Device                                                                          ; 5CEBA4F23C7        ;                    ;
; Top-level entity name                                                           ; cpu_del            ; cpu_del            ;
; Family name                                                                     ; Cyclone V          ; Cyclone V          ;
; Use smart compilation                                                           ; Off                ; Off                ;
; Enable parallel Assembler and Timing Analyzer during compilation                ; On                 ; On                 ;
; Enable compact report table                                                     ; Off                ; Off                ;
; Restructure Multiplexers                                                        ; Auto               ; Auto               ;
; MLAB Add Timing Constraints For Mixed-Port Feed-Through Mode Setting Don't Care ; Off                ; Off                ;
; Create Debugging Nodes for IP Cores                                             ; Off                ; Off                ;
; Preserve fewer node names                                                       ; On                 ; On                 ;
; Intel FPGA IP Evaluation Mode                                                   ; Enable             ; Enable             ;
; Verilog Version                                                                 ; Verilog_2001       ; Verilog_2001       ;
; VHDL Version                                                                    ; VHDL_1993          ; VHDL_1993          ;
; State Machine Processing                                                        ; Auto               ; Auto               ;
; Safe State Machine                                                              ; Off                ; Off                ;
; Extract Verilog State Machines                                                  ; On                 ; On                 ;
; Extract VHDL State Machines                                                     ; On                 ; On                 ;
; Ignore Verilog initial constructs                                               ; Off                ; Off                ;
; Iteration limit for constant Verilog loops                                      ; 5000               ; 5000               ;
; Iteration limit for non-constant Verilog loops                                  ; 250                ; 250                ;
; Add Pass-Through Logic to Inferred RAMs                                         ; On                 ; On                 ;
; Infer RAMs from Raw Logic                                                       ; On                 ; On                 ;
; Parallel Synthesis                                                              ; On                 ; On                 ;
; DSP Block Balancing                                                             ; Auto               ; Auto               ;
; NOT Gate Push-Back                                                              ; On                 ; On                 ;
; Power-Up Don't Care                                                             ; On                 ; On                 ;
; Remove Redundant Logic Cells                                                    ; Off                ; Off                ;
; Remove Duplicate Registers                                                      ; On                 ; On                 ;
; Ignore CARRY Buffers                                                            ; Off                ; Off                ;
; Ignore CASCADE Buffers                                                          ; Off                ; Off                ;
; Ignore GLOBAL Buffers                                                           ; Off                ; Off                ;
; Ignore ROW GLOBAL Buffers                                                       ; Off                ; Off                ;
; Ignore LCELL Buffers                                                            ; Off                ; Off                ;
; Ignore SOFT Buffers                                                             ; On                 ; On                 ;
; Limit AHDL Integers to 32 Bits                                                  ; Off                ; Off                ;
; Optimization Technique                                                          ; Balanced           ; Balanced           ;
; Carry Chain Length                                                              ; 70                 ; 70                 ;
; Auto Carry Chains                                                               ; On                 ; On                 ;
; Auto Open-Drain Pins                                                            ; On                 ; On                 ;
; Perform WYSIWYG Primitive Resynthesis                                           ; Off                ; Off                ;
; Auto ROM Replacement                                                            ; On                 ; On                 ;
; Auto RAM Replacement                                                            ; On                 ; On                 ;
; Auto DSP Block Replacement                                                      ; On                 ; On                 ;
; Auto Shift Register Replacement                                                 ; Auto               ; Auto               ;
; Allow Shift Register Merging across Hierarchies                                 ; Auto               ; Auto               ;
; Auto Clock Enable Replacement                                                   ; On                 ; On                 ;
; Strict RAM Replacement                                                          ; Off                ; Off                ;
; Allow Synchronous Control Signals                                               ; On                 ; On                 ;
; Force Use of Synchronous Clear Signals                                          ; Off                ; Off                ;
; Auto Resource Sharing                                                           ; Off                ; Off                ;
; Allow Any RAM Size For Recognition                                              ; Off                ; Off                ;
; Allow Any ROM Size For Recognition                                              ; Off                ; Off                ;
; Allow Any Shift Register Size For Recognition                                   ; Off                ; Off                ;
; Use LogicLock Constraints during Resource Balancing                             ; On                 ; On                 ;
; Ignore translate_off and synthesis_off directives                               ; Off                ; Off                ;
; Timing-Driven Synthesis                                                         ; On                 ; On                 ;
; Report Parameter Settings                                                       ; On                 ; On                 ;
; Report Source Assignments                                                       ; On                 ; On                 ;
; Report Connectivity Checks                                                      ; On                 ; On                 ;
; Ignore Maximum Fan-Out Assignments                                              ; Off                ; Off                ;
; Synchronization Register Chain Length                                           ; 3                  ; 3                  ;
; Power Optimization During Synthesis                                             ; Normal compilation ; Normal compilation ;
; HDL message level                                                               ; Level2             ; Level2             ;
; Suppress Register Optimization Related Messages                                 ; Off                ; Off                ;
; Number of Removed Registers Reported in Synthesis Report                        ; 5000               ; 5000               ;
; Number of Swept Nodes Reported in Synthesis Report                              ; 5000               ; 5000               ;
; Number of Inverted Registers Reported in Synthesis Report                       ; 100                ; 100                ;
; Clock MUX Protection                                                            ; On                 ; On                 ;
; Auto Gated Clock Conversion                                                     ; Off                ; Off                ;
; Block Design Naming                                                             ; Auto               ; Auto               ;
; SDC constraint protection                                                       ; Off                ; Off                ;
; Synthesis Effort                                                                ; Auto               ; Auto               ;
; Shift Register Replacement - Allow Asynchronous Clear Signal                    ; On                 ; On                 ;
; Pre-Mapping Resynthesis Optimization                                            ; Off                ; Off                ;
; Analysis & Synthesis Message Level                                              ; Medium             ; Medium             ;
; Disable Register Merging Across Hierarchies                                     ; Auto               ; Auto               ;
; Resource Aware Inference For Block RAM                                          ; On                 ; On                 ;
; Automatic Parallel Synthesis                                                    ; On                 ; On                 ;
; Partial Reconfiguration Bitstream ID                                            ; Off                ; Off                ;
+---------------------------------------------------------------------------------+--------------------+--------------------+


+------------------------------------------+
; Parallel Compilation                     ;
+----------------------------+-------------+
; Processors                 ; Number      ;
+----------------------------+-------------+
; Number detected on machine ; 12          ;
; Maximum allowed            ; 10          ;
;                            ;             ;
; Average used               ; 1.00        ;
; Maximum used               ; 1           ;
;                            ;             ;
; Usage by Processor         ; % Time Used ;
;     Processor 1            ; 100.0%      ;
+----------------------------+-------------+


+------------------------------------------------------------------------------------------------------------------------------------------------------------------------------------------------------------------------------------+
; Analysis & Synthesis Source Files Read                                                                                                                                                                                             ;
+---------------------------------------------------------------------------+-----------------+------------------------------------------+---------------------------------------------------------------------------------+---------+
; File Name with User-Entered Path                                          ; Used in Netlist ; File Type                                ; File Name with Absolute Path                                                    ; Library ;
+---------------------------------------------------------------------------+-----------------+------------------------------------------+---------------------------------------------------------------------------------+---------+
; //wsl.localhost/Ubuntu-24.04/home/luique/USP/Digitais/cpu_del/cpu_del.bdf ; yes             ; User Block Diagram/Schematic File        ; //wsl.localhost/Ubuntu-24.04/home/luique/USP/Digitais/cpu_del/cpu_del.bdf       ;         ;
; //wsl.localhost/Ubuntu-24.04/home/luique/USP/Digitais/cpu_del/ula.bdf     ; yes             ; User Block Diagram/Schematic File        ; //wsl.localhost/Ubuntu-24.04/home/luique/USP/Digitais/cpu_del/ula.bdf           ;         ;
; //wsl.localhost/Ubuntu-24.04/home/luique/USP/Digitais/cpu_del/control.bdf ; yes             ; User Block Diagram/Schematic File        ; //wsl.localhost/Ubuntu-24.04/home/luique/USP/Digitais/cpu_del/control.bdf       ;         ;
; mux.bdf                                                                   ; yes             ; Auto-Found Block Diagram/Schematic File  ; //wsl.localhost/Ubuntu-24.04/home/luique/USP/Digitais/cpu_del/mux.bdf           ;         ;
; sum.bdf                                                                   ; yes             ; Auto-Found Block Diagram/Schematic File  ; //wsl.localhost/Ubuntu-24.04/home/luique/USP/Digitais/cpu_del/sum.bdf           ;         ;
; full-adder.bdf                                                            ; yes             ; Auto-Found Block Diagram/Schematic File  ; //wsl.localhost/Ubuntu-24.04/home/luique/USP/Digitais/cpu_del/full-adder.bdf    ;         ;
; multiplicador.bdf                                                         ; yes             ; Auto-Found Block Diagram/Schematic File  ; //wsl.localhost/Ubuntu-24.04/home/luique/USP/Digitais/cpu_del/multiplicador.bdf ;         ;
; divisor.bdf                                                               ; yes             ; Auto-Found Block Diagram/Schematic File  ; //wsl.localhost/Ubuntu-24.04/home/luique/USP/Digitais/cpu_del/divisor.bdf       ;         ;
; 21mux.bdf                                                                 ; yes             ; Megafunction                             ; c:/altera_lite/24.1std/quartus/libraries/others/maxplus2/21mux.bdf              ;         ;
; register.bdf                                                              ; yes             ; Auto-Found Block Diagram/Schematic File  ; //wsl.localhost/Ubuntu-24.04/home/luique/USP/Digitais/cpu_del/register.bdf      ;         ;
+---------------------------------------------------------------------------+-----------------+------------------------------------------+---------------------------------------------------------------------------------+---------+


+-----------------------------------------------------+
; Analysis & Synthesis Resource Usage Summary         ;
+---------------------------------------------+-------+
; Resource                                    ; Usage ;
+---------------------------------------------+-------+
; Estimate of Logic utilization (ALMs needed) ; 0     ;
;                                             ;       ;
; Combinational ALUT usage for logic          ; 0     ;
;     -- 7 input functions                    ; 0     ;
;     -- 6 input functions                    ; 0     ;
;     -- 5 input functions                    ; 0     ;
;     -- 4 input functions                    ; 0     ;
;     -- <=3 input functions                  ; 0     ;
;                                             ;       ;
; Dedicated logic registers                   ; 0     ;
;                                             ;       ;
; I/O pins                                    ; 13    ;
;                                             ;       ;
; Total DSP Blocks                            ; 0     ;
;                                             ;       ;
; Maximum fan-out node                        ; RgTO1 ;
; Maximum fan-out                             ; 1     ;
; Total fan-out                               ; 13    ;
; Average fan-out                             ; 0.50  ;
+---------------------------------------------+-------+


+----------------------------------------------------------------------------------------------------------------------------------------------------------------------------------------+
; Analysis & Synthesis Resource Utilization by Entity                                                                                                                                    ;
+----------------------------+---------------------+---------------------------+-------------------+------------+------+--------------+---------------------+-------------+--------------+
; Compilation Hierarchy Node ; Combinational ALUTs ; Dedicated Logic Registers ; Block Memory Bits ; DSP Blocks ; Pins ; Virtual Pins ; Full Hierarchy Name ; Entity Name ; Library Name ;
+----------------------------+---------------------+---------------------------+-------------------+------------+------+--------------+---------------------+-------------+--------------+
; |cpu_del                   ; 0 (0)               ; 0 (0)                     ; 0                 ; 0          ; 13   ; 0            ; |cpu_del            ; cpu_del     ; work         ;
+----------------------------+---------------------+---------------------------+-------------------+------------+------+--------------+---------------------+-------------+--------------+
Note: For table entries with two numbers listed, the numbers in parentheses indicate the number of resources of the given type used by the specific entity alone. The numbers listed outside of parentheses indicate the total resources of the given type used by the specific entity and all of its sub-entities in the hierarchy.


+------------------------------------------------------+
; General Register Statistics                          ;
+----------------------------------------------+-------+
; Statistic                                    ; Value ;
+----------------------------------------------+-------+
; Total registers                              ; 0     ;
; Number of registers using Synchronous Clear  ; 0     ;
; Number of registers using Synchronous Load   ; 0     ;
; Number of registers using Asynchronous Clear ; 0     ;
; Number of registers using Asynchronous Load  ; 0     ;
; Number of registers using Clock Enable       ; 0     ;
; Number of registers using Preset             ; 0     ;
+----------------------------------------------+-------+


+-----------------------------------------------------+
; Post-Synthesis Netlist Statistics for Top Partition ;
+-------------------+---------------------------------+
; Type              ; Count                           ;
+-------------------+---------------------------------+
; boundary_port     ; 13                              ;
;                   ;                                 ;
; Max LUT depth     ; 0.00                            ;
; Average LUT depth ; 0.00                            ;
+-------------------+---------------------------------+


+-------------------------------+
; Elapsed Time Per Partition    ;
+----------------+--------------+
; Partition Name ; Elapsed Time ;
+----------------+--------------+
; Top            ; 00:00:00     ;
+----------------+--------------+


+-------------------------------+
; Analysis & Synthesis Messages ;
+-------------------------------+
Info: *******************************************************************
Info: Running Quartus Prime Analysis & Synthesis
    Info: Version 24.1std.0 Build 1077 03/04/2025 SC Lite Edition
    Info: Processing started: Tue Oct 14 13:58:40 2025
Info: Command: quartus_map --read_settings_files=on --write_settings_files=off cpu_del -c cpu_del
Warning (18236): Number of processors has not been specified which may cause overloading on shared machines.  Set the global assignment NUM_PARALLEL_PROCESSORS in your QSF to an appropriate value for best performance.
Info (20030): Parallel compilation is enabled and will use 10 of the 10 processors detected
Info (12021): Found 1 design units, including 1 entities, in source file cpu_del.bdf
    Info (12023): Found entity 1: cpu_del
Info (12021): Found 1 design units, including 1 entities, in source file ula.bdf
    Info (12023): Found entity 1: ula
Warning (12019): Can't analyze file -- file //wsl.localhost/Ubuntu-24.04/home/luique/USP/Digitais/cpu_del/ula/sum.bdf is missing
Warning (12019): Can't analyze file -- file //wsl.localhost/Ubuntu-24.04/home/luique/USP/Digitais/cpu_del/ula/mux.bdf is missing
Warning (12019): Can't analyze file -- file //wsl.localhost/Ubuntu-24.04/home/luique/USP/Digitais/cpu_del/ula/numberToDisplay.bdf is missing
Info (12021): Found 1 design units, including 1 entities, in source file numbertodisplay.bdf
    Info (12023): Found entity 1: numberToDisplay
Info (12021): Found 1 design units, including 1 entities, in source file display.bdf
    Info (12023): Found entity 1: display
Info (12021): Found 1 design units, including 1 entities, in source file counter.bdf
    Info (12023): Found entity 1: counter
Info (12021): Found 1 design units, including 1 entities, in source file control.bdf
    Info (12023): Found entity 1: control
Info (12127): Elaborating entity "cpu_del" for the top level hierarchy
Info (12128): Elaborating entity "control" for hierarchy "control:inst"
Warning (275085): Found inconsistent dimensions for element "R"
Warning (275080): Converted elements in bus name "R" using legacy naming rules. Make any assignments on the new names, not on the original names.
    Warning (275081): Converted element name(s) from "R[0]" to "R0"
    Warning (275081): Converted element name(s) from "R[1]" to "R1"
    Warning (275081): Converted element name(s) from "R[2]" to "R2"
    Warning (275081): Converted element name(s) from "R[3]" to "R3"
    Warning (275081): Converted element name(s) from "R[0]" to "R0"
    Warning (275081): Converted element name(s) from "R[2]" to "R2"
    Warning (275081): Converted element name(s) from "R[3]" to "R3"
    Warning (275081): Converted element name(s) from "R[1]" to "R1"
Warning (275009): Pin "RgIN0" not connected
Info (12128): Elaborating entity "ula" for hierarchy "control:inst|ula:inst"
Warning (12090): Entity "mux" obtained from "mux.bdf" instead of from Quartus Prime megafunction library
Warning (12125): Using design file mux.bdf, which is not specified as a design file for the current project, but contains definitions for 1 design units and 1 entities in project
    Info (12023): Found entity 1: mux
Info (12128): Elaborating entity "mux" for hierarchy "control:inst|ula:inst|mux:inst6"
Warning (12125): Using design file sum.bdf, which is not specified as a design file for the current project, but contains definitions for 1 design units and 1 entities in project
    Info (12023): Found entity 1: sum
Info (12128): Elaborating entity "sum" for hierarchy "control:inst|ula:inst|sum:inst2"
Warning (12125): Using design file full-adder.bdf, which is not specified as a design file for the current project, but contains definitions for 1 design units and 1 entities in project
    Info (12023): Found entity 1: full-adder
Info (12128): Elaborating entity "full-adder" for hierarchy "control:inst|ula:inst|sum:inst2|full-adder:inst"
Warning (12125): Using design file multiplicador.bdf, which is not specified as a design file for the current project, but contains definitions for 1 design units and 1 entities in project
    Info (12023): Found entity 1: multiplicador
Info (12128): Elaborating entity "multiplicador" for hierarchy "control:inst|ula:inst|multiplicador:inst4"
Warning (275009): Pin "i3" not connected
Warning (12125): Using design file divisor.bdf, which is not specified as a design file for the current project, but contains definitions for 1 design units and 1 entities in project
    Info (12023): Found entity 1: divisor
Info (12128): Elaborating entity "divisor" for hierarchy "control:inst|ula:inst|divisor:inst5"
Warning (275009): Pin "i0" not connected
Info (12128): Elaborating entity "21mux" for hierarchy "control:inst|21mux:inst20"
Info (12130): Elaborated megafunction instantiation "control:inst|21mux:inst20"
Warning (12125): Using design file register.bdf, which is not specified as a design file for the current project, but contains definitions for 1 design units and 1 entities in project
    Info (12023): Found entity 1: register
Info (12128): Elaborating entity "register" for hierarchy "control:inst|register:inst2"
Info (16010): Generating hard_block partition "hard_block:auto_generated_inst"
    Info (16011): Adding 0 node(s), including 0 DDIO, 0 PLL, 0 transceiver and 0 LCELL
Warning (21074): Design contains 13 input pin(s) that do not drive logic
    Warning (15610): No output dependent on input pin "RgTO1"
    Warning (15610): No output dependent on input pin "RgTO0"
    Warning (15610): No output dependent on input pin "RgIN1"
    Warning (15610): No output dependent on input pin "RgIN0"
    Warning (15610): No output dependent on input pin "JMP1"
    Warning (15610): No output dependent on input pin "JMP0"
    Warning (15610): No output dependent on input pin "clock"
    Warning (15610): No output dependent on input pin "Op[0]"
    Warning (15610): No output dependent on input pin "Op[1]"
    Warning (15610): No output dependent on input pin "Op[2]"
    Warning (15610): No output dependent on input pin "Op[3]"
    Warning (15610): No output dependent on input pin "ULA[0]"
    Warning (15610): No output dependent on input pin "ULA[1]"
Info (21057): Implemented 13 device resources after synthesis - the final resource count might be different
    Info (21058): Implemented 13 input pins
    Info (21059): Implemented 0 output pins
Info: Quartus Prime Analysis & Synthesis was successful. 0 errors, 38 warnings
    Info: Peak virtual memory: 4830 megabytes
    Info: Processing ended: Tue Oct 14 13:58:53 2025
    Info: Elapsed time: 00:00:13
    Info: Total CPU time (on all processors): 00:00:20


